<?xml version="1.0" encoding="utf-8"?><testsuites name="pytest tests"><testsuite name="pytest" errors="0" failures="0" skipped="0" tests="25" time="4.433" timestamp="2026-07-17T07:27:37.513893+00:00" hostname="agent-env-bc96fec0-2d85-4643-94d9-b5060d3c52b7"><testcase classname="backend.tests.test_ciap_backend.TestHealth" name="test_health" time="0.161" /><testcase classname="backend.tests.test_ciap_backend.TestAuth" name="test_login_valid_users[admin]" time="0.328" /><testcase classname="backend.tests.test_ciap_backend.TestAuth" name="test_login_valid_users[district]" time="0.323" /><testcase classname="backend.tests.test_ciap_backend.TestAuth" name="test_login_valid_users[station]" time="0.324" /><testcase classname="backend.tests.test_ciap_backend.TestAuth" name="test_login_invalid_credentials" time="0.380" /><testcase classname="backend.tests.test_ciap_backend.TestAuth" name="test_me_with_token" time="0.450" /><testcase classname="backend.tests.test_ciap_backend.TestAuth" name="test_me_without_token" time="0.104" /><testcase classname="backend.tests.test_ciap_backend.TestReference" name="test_reference" time="0.104" /><testcase classname="backend.tests.test_ciap_backend.TestAnalytics" name="test_kpi_default" time="0.105" /><testcase classname="backend.tests.test_ciap_backend.TestAnalytics" name="test_kpi_filtered_smaller" time="0.197" /><testcase classname="backend.tests.test_ciap_backend.TestAnalytics" name="test_by_district" time="0.095" /><testcase classname="backend.tests.test_ciap_backend.TestAnalytics" name="test_trends" time="0.104" /><testcase classname="backend.tests.test_ciap_backend.TestAnalytics" name="test_heatmap" time="0.093" /><testcase classname="backend.tests.test_ciap_backend.TestAnalytics" name="test_by_crime_head" time="0.100" /><testcase classname="backend.tests.test_ciap_backend.TestAnalytics" name="test_status_mix" time="0.096" /><testcase classname="backend.tests.test_ciap_backend.TestPredict" name="test_risk" time="0.130" /><testcase classname="backend.tests.test_ciap_backend.TestPredict" name="test_anomalies" time="0.098" /><testcase classname="backend.tests.test_ciap_backend.TestPredict" name="test_clusters" time="0.117" /><testcase classname="backend.tests.test_ciap_backend.TestNetwork" name="test_graph" time="0.102" /><testcase classname="backend.tests.test_ciap_backend.TestNetwork" name="test_repeat_offenders" time="0.136" /><testcase classname="backend.tests.test_ciap_backend.TestNetwork" name="test_offender_detail" time="0.234" /><testcase classname="backend.tests.test_ciap_backend.TestCases" name="test_cases_list" time="0.105" /><testcase classname="backend.tests.test_ciap_backend.TestCases" name="test_cases_filter_q" time="0.116" /><testcase classname="backend.tests.test_ciap_backend.TestCases" name="test_case_detail_valid" time="0.198" /><testcase classname="backend.tests.test_ciap_backend.TestCases" name="test_case_detail_invalid" time="0.095" /></testsuite></testsuites>